<?xml version="1.0" encoding="UTF-8"?>
<testsuite xmlns:xsi="http://www.w3.org/2001/XMLSchema-instance" xsi:schemaLocation="https://maven.apache.org/surefire/maven-surefire-plugin/xsd/surefire-test-report.xsd" name="greetTest.GreetTest" time="0.133" tests="15" errors="0" skipped="0" failures="0">
  <properties>
[...]
</properties>
  <testcase name="shouldTestThirdOption" classname="greetTest.GreetTest" time="0.004"/>
  <testcase name="shouldTestAllCount2" classname="greetTest.GreetTest" time="0"/>
  <testcase name="shouldTestAllCount3" classname="greetTest.GreetTest" time="0.004"/>
  <testcase name="shouldTestClearMethod2" classname="greetTest.GreetTest" time="0.002"/>
  <testcase name="shouldTestClearMethod3" classname="greetTest.GreetTest" time="0.003"/>
  <testcase name="bread2" classname="greetTest.GreetTest" time="0"/>
  <testcase name="bread3" classname="greetTest.GreetTest" time="0.002"/>
  <testcase name="shouldTestCounterForOneName" classname="greetTest.GreetTest" time="0.004"/>
  <testcase name="shouldTestAllCount" classname="greetTest.GreetTest" time="0"/>
  <testcase name="bread" classname="greetTest.GreetTest" time="0"/>
  <testcase name="shouldTestClearMethod" classname="greetTest.GreetTest" time="0"/>
  <testcase name="shouldTestFirstOption" classname="greetTest.GreetTest" time="0"/>
  <testcase name="shouldTestSecondOption" classname="greetTest.GreetTest" time="0"/>
  <testcase name="shouldTestCountForOneName" classname="greetTest.GreetTest" time="0"/>
  <testcase name="shouldTestDefault" classname="greetTest.GreetTest" time="0"/>
</testsuite>